<?xml version="1.0" encoding="UTF-8"?>
<testsuite name="com.freeapi.proxy.cable.CablePolicyTest" tests="19" skipped="0" failures="0" errors="0" timestamp="2026-09-20T05:53:57" hostname="DemeAI.local" time="0.024">
  <properties/>
  <testcase name="时段外一律断电" classname="com.freeapi.proxy.cable.CablePolicyTest" time="0.008"/>
  <testcase name="时段边界跨过去之后决策立刻翻转" classname="com.freeapi.proxy.cable.CablePolicyTest" time="0.004"/>
  <testcase name="未启用时段时恒为窗口内" classname="com.freeapi.proxy.cable.CablePolicyTest" time="0.0"/>
  <testcase name="保命阈值含等号且刚过线就不保" classname="com.freeapi.proxy.cable.CablePolicyTest" time="0.0"/>
  <testcase name="时段内仍受高阈值保护不会过充" classname="com.freeapi.proxy.cable.CablePolicyTest" time="0.0"/>
  <testcase name="时段外电量极低时保命充电" classname="com.freeapi.proxy.cable.CablePolicyTest" time="0.0"/>
  <testcase name="未启用时段时没有边界可等" classname="com.freeapi.proxy.cable.CablePolicyTest" time="0.0"/>
  <testcase name="时段内沿用原来的阈值行为" classname="com.freeapi.proxy.cable.CablePolicyTest" time="0.0"/>
  <testcase name="同日窗口含起点不含终点" classname="com.freeapi.proxy.cable.CablePolicyTest" time="0.0"/>
  <testcase name="边界间隔在跨午夜两侧都算对" classname="com.freeapi.proxy.cable.CablePolicyTest" time="0.0"/>
  <testcase name="跨午夜窗口两侧都算窗口内" classname="com.freeapi.proxy.cable.CablePolicyTest" time="0.0"/>
  <testcase name="起止相同视作全天而不是空窗口" classname="com.freeapi.proxy.cable.CablePolicyTest" time="0.0"/>
  <testcase name="时段文案" classname="com.freeapi.proxy.cable.CablePolicyTest" time="0.001"/>
  <testcase name="时长文案不夹取上限" classname="com.freeapi.proxy.cable.CablePolicyTest" time="0.0"/>
  <testcase name="任何时刻的边界间隔都至少一分钟" classname="com.freeapi.proxy.cable.CablePolicyTest" time="0.005"/>
  <testcase name="未启用时段时行为与改造前一致" classname="com.freeapi.proxy.cable.CablePolicyTest" time="0.0"/>
  <testcase name="读不到电量时任何时段都跳过" classname="com.freeapi.proxy.cable.CablePolicyTest" time="0.0"/>
  <testcase name="边界间隔在同日窗口算对" classname="com.freeapi.proxy.cable.CablePolicyTest" time="0.0"/>
  <testcase name="时段外的决策不重复下发" classname="com.freeapi.proxy.cable.CablePolicyTest" time="0.001"/>
  <system-out><![CDATA[]]></system-out>
  <system-err><![CDATA[]]></system-err>
</testsuite>
